{"/Users/alexandremarques/Development/MOBILE/React_Native/K2LavaFacil/src/assets/images/ic_100.png": {"path":"/Users/alexandremarques/Development/MOBILE/React_Native/K2LavaFacil/src/assets/images/ic_100.png","statementMap":{"0":{"start":{"line":1,"column":0},"end":{"line":4,"column":6}}},"fnMap":{},"branchMap":{},"s":{"0":1},"f":{},"b":{},"_coverageSchema":"1a1c01bbd47fc00a2c39e90264f33305004495a9","hash":"acd883297c5957e6a0c2295c26af1f500d89c65d"}
,"/Users/alexandremarques/Development/MOBILE/React_Native/K2LavaFacil/src/components/Loading/index.tsx": {"path":"/Users/alexandremarques/Development/MOBILE/React_Native/K2LavaFacil/src/components/Loading/index.tsx","statementMap":{"0":{"start":{"line":7,"column":21},"end":{"line":7,"column":31}},"1":{"start":{"line":8,"column":2},"end":{"line":16,"column":4}}},"fnMap":{"0":{"name":"Loading","decl":{"start":{"line":6,"column":16},"end":{"line":6,"column":23}},"loc":{"start":{"line":6,"column":26},"end":{"line":17,"column":1}},"line":6}},"branchMap":{},"s":{"0":0,"1":0},"f":{"0":0},"b":{},"_coverageSchema":"1a1c01bbd47fc00a2c39e90264f33305004495a9","hash":"d0241dcec6ccf2aa433f2b993a1e12dda218337f"}
,"/Users/alexandremarques/Development/MOBILE/React_Native/K2LavaFacil/src/components/Loading/styles.ts": {"path":"/Users/alexandremarques/Development/MOBILE/React_Native/K2LavaFacil/src/components/Loading/styles.ts","statementMap":{"0":{"start":{"line":3,"column":24},"end":{"line":6,"column":1}}},"fnMap":{},"branchMap":{},"s":{"0":1},"f":{},"b":{},"_coverageSchema":"1a1c01bbd47fc00a2c39e90264f33305004495a9","hash":"0a60046433b3275f59b6109bbd78000d1037f867"}
,"/Users/alexandremarques/Development/MOBILE/React_Native/K2LavaFacil/src/components/ThemeProvider/index.tsx": {"path":"/Users/alexandremarques/Development/MOBILE/React_Native/K2LavaFacil/src/components/ThemeProvider/index.tsx","statementMap":{"0":{"start":{"line":10,"column":2},"end":{"line":12,"column":4}}},"fnMap":{"0":{"name":"ThemeProvider","decl":{"start":{"line":9,"column":16},"end":{"line":9,"column":29}},"loc":{"start":{"line":9,"column":64},"end":{"line":13,"column":1}},"line":9}},"branchMap":{},"s":{"0":5},"f":{"0":5},"b":{},"_coverageSchema":"1a1c01bbd47fc00a2c39e90264f33305004495a9","hash":"249a514ba5bfa3714b0e2aef6dbf38ae98bc03ed"}
,"/Users/alexandremarques/Development/MOBILE/React_Native/K2LavaFacil/src/constants/index.ts": {"path":"/Users/alexandremarques/Development/MOBILE/React_Native/K2LavaFacil/src/constants/index.ts","statementMap":{"0":{"start":{"line":1,"column":25},"end":{"line":1,"column":44}},"1":{"start":{"line":2,"column":30},"end":{"line":2,"column":49}},"2":{"start":{"line":4,"column":35},"end":{"line":4,"column":58}},"3":{"start":{"line":5,"column":38},"end":{"line":5,"column":68}}},"fnMap":{},"branchMap":{},"s":{"0":1,"1":1,"2":1,"3":1},"f":{},"b":{},"_coverageSchema":"1a1c01bbd47fc00a2c39e90264f33305004495a9","hash":"07066a1d5475bf00614a3e766d072651264c9fe9"}
,"/Users/alexandremarques/Development/MOBILE/React_Native/K2LavaFacil/src/contexts/authentication.context.tsx": {"path":"/Users/alexandremarques/Development/MOBILE/React_Native/K2LavaFacil/src/contexts/authentication.context.tsx","statementMap":{"0":{"start":{"line":7,"column":31},"end":{"line":16,"column":1}},"1":{"start":{"line":18,"column":30},"end":{"line":18,"column":57}},"2":{"start":{"line":19,"column":33},"end":{"line":19,"column":72}},"3":{"start":{"line":19,"column":39},"end":{"line":19,"column":72}},"4":{"start":{"line":26,"column":26},"end":{"line":26,"column":55}},"5":{"start":{"line":27,"column":36},"end":{"line":27,"column":60}},"6":{"start":{"line":28,"column":28},"end":{"line":28,"column":58}},"7":{"start":{"line":31,"column":4},"end":{"line":31,"column":23}},"8":{"start":{"line":33,"column":4},"end":{"line":52,"column":9}},"9":{"start":{"line":36,"column":21},"end":{"line":36,"column":40}},"10":{"start":{"line":37,"column":8},"end":{"line":37,"column":34}},"11":{"start":{"line":39,"column":8},"end":{"line":39,"column":22}},"12":{"start":{"line":40,"column":8},"end":{"line":40,"column":28}},"13":{"start":{"line":43,"column":8},"end":{"line":43,"column":28}},"14":{"start":{"line":44,"column":26},"end":{"line":44,"column":34}},"15":{"start":{"line":45,"column":29},"end":{"line":45,"column":40}},"16":{"start":{"line":46,"column":8},"end":{"line":49,"column":11}},"17":{"start":{"line":50,"column":8},"end":{"line":50,"column":28}},"18":{"start":{"line":55,"column":2},"end":{"line":66,"column":4}}},"fnMap":{"0":{"name":"(anonymous_0)","decl":{"start":{"line":15,"column":12},"end":{"line":15,"column":13}},"loc":{"start":{"line":15,"column":18},"end":{"line":15,"column":20}},"line":15},"1":{"name":"(anonymous_1)","decl":{"start":{"line":19,"column":33},"end":{"line":19,"column":34}},"loc":{"start":{"line":19,"column":39},"end":{"line":19,"column":72}},"line":19},"2":{"name":"AuthenticationProvider","decl":{"start":{"line":25,"column":16},"end":{"line":25,"column":38}},"loc":{"start":{"line":25,"column":60},"end":{"line":67,"column":1}},"line":25},"3":{"name":"onSignIn","decl":{"start":{"line":30,"column":11},"end":{"line":30,"column":19}},"loc":{"start":{"line":30,"column":53},"end":{"line":53,"column":3}},"line":30},"4":{"name":"(anonymous_4)","decl":{"start":{"line":34,"column":12},"end":{"line":34,"column":13}},"loc":{"start":{"line":34,"column":30},"end":{"line":41,"column":7}},"line":34},"5":{"name":"(anonymous_5)","decl":{"start":{"line":42,"column":13},"end":{"line":42,"column":14}},"loc":{"start":{"line":42,"column":20},"end":{"line":52,"column":7}},"line":42}},"branchMap":{},"s":{"0":1,"1":1,"2":1,"3":7,"4":0,"5":0,"6":0,"7":0,"8":0,"9":0,"10":0,"11":0,"12":0,"13":0,"14":0,"15":0,"16":0,"17":0,"18":0},"f":{"0":0,"1":7,"2":0,"3":0,"4":0,"5":0},"b":{},"_coverageSchema":"1a1c01bbd47fc00a2c39e90264f33305004495a9","hash":"9f962439bc96f3a2458324faf132ad9d9dca1c71"}
,"/Users/alexandremarques/Development/MOBILE/React_Native/K2LavaFacil/src/screens/SignIn/index.tsx": {"path":"/Users/alexandremarques/Development/MOBILE/React_Native/K2LavaFacil/src/screens/SignIn/index.tsx","statementMap":{"0":{"start":{"line":22,"column":28},"end":{"line":22,"column":40}},"1":{"start":{"line":23,"column":34},"end":{"line":23,"column":46}},"2":{"start":{"line":24,"column":44},"end":{"line":24,"column":59}},"3":{"start":{"line":26,"column":41},"end":{"line":26,"column":60}},"4":{"start":{"line":29,"column":4},"end":{"line":32,"column":5}},"5":{"start":{"line":30,"column":6},"end":{"line":30,"column":29}},"6":{"start":{"line":31,"column":6},"end":{"line":31,"column":13}},"7":{"start":{"line":34,"column":4},"end":{"line":34,"column":28}},"8":{"start":{"line":35,"column":4},"end":{"line":35,"column":30}},"9":{"start":{"line":38,"column":2},"end":{"line":84,"column":4}}},"fnMap":{"0":{"name":"SignIn","decl":{"start":{"line":21,"column":16},"end":{"line":21,"column":22}},"loc":{"start":{"line":21,"column":25},"end":{"line":85,"column":1}},"line":21},"1":{"name":"handleSignIn","decl":{"start":{"line":28,"column":11},"end":{"line":28,"column":23}},"loc":{"start":{"line":28,"column":26},"end":{"line":36,"column":3}},"line":28}},"branchMap":{"0":{"loc":{"start":{"line":29,"column":4},"end":{"line":32,"column":5}},"type":"if","locations":[{"start":{"line":29,"column":4},"end":{"line":32,"column":5}},{"start":{},"end":{}}],"line":29},"1":{"loc":{"start":{"line":29,"column":8},"end":{"line":29,"column":37}},"type":"binary-expr","locations":[{"start":{"line":29,"column":8},"end":{"line":29,"column":19}},{"start":{"line":29,"column":23},"end":{"line":29,"column":37}}],"line":29},"2":{"loc":{"start":{"line":62,"column":9},"end":{"line":66,"column":9}},"type":"binary-expr","locations":[{"start":{"line":62,"column":9},"end":{"line":62,"column":22}},{"start":{"line":63,"column":10},"end":{"line":65,"column":23}}],"line":62},"3":{"loc":{"start":{"line":68,"column":9},"end":{"line":70,"column":9}},"type":"binary-expr","locations":[{"start":{"line":68,"column":9},"end":{"line":68,"column":14}},{"start":{"line":68,"column":18},"end":{"line":68,"column":32}},{"start":{"line":69,"column":10},"end":{"line":69,"column":74}}],"line":68},"4":{"loc":{"start":{"line":74,"column":11},"end":{"line":74,"column":35}},"type":"binary-expr","locations":[{"start":{"line":74,"column":11},"end":{"line":74,"column":20}},{"start":{"line":74,"column":24},"end":{"line":74,"column":35}}],"line":74}},"s":{"0":7,"1":7,"2":7,"3":7,"4":2,"5":2,"6":2,"7":0,"8":0,"9":7},"f":{"0":7,"1":2},"b":{"0":[2,0],"1":[2,0],"2":[7,2],"3":[7,7,5],"4":[7,0]},"_coverageSchema":"1a1c01bbd47fc00a2c39e90264f33305004495a9","hash":"e7f2b33b4e08f30ed54ad8d015e875baa9eeb4f4"}
,"/Users/alexandremarques/Development/MOBILE/React_Native/K2LavaFacil/src/screens/SignIn/styles.ts": {"path":"/Users/alexandremarques/Development/MOBILE/React_Native/K2LavaFacil/src/screens/SignIn/styles.ts","statementMap":{"0":{"start":{"line":4,"column":18},"end":{"line":8,"column":1}},"1":{"start":{"line":7,"column":39},"end":{"line":7,"column":66}},"2":{"start":{"line":10,"column":14},"end":{"line":13,"column":1}},"3":{"start":{"line":15,"column":20},"end":{"line":19,"column":1}},"4":{"start":{"line":21,"column":22},"end":{"line":27,"column":1}},"5":{"start":{"line":22,"column":39},"end":{"line":22,"column":66}},"6":{"start":{"line":29,"column":23},"end":{"line":32,"column":1}},"7":{"start":{"line":34,"column":24},"end":{"line":36,"column":1}},"8":{"start":{"line":35,"column":28},"end":{"line":35,"column":55}},"9":{"start":{"line":38,"column":14},"end":{"line":44,"column":1}},"10":{"start":{"line":42,"column":32},"end":{"line":42,"column":46}},"11":{"start":{"line":46,"column":21},"end":{"line":55,"column":1}},"12":{"start":{"line":50,"column":39},"end":{"line":50,"column":66}},"13":{"start":{"line":57,"column":19},"end":{"line":62,"column":1}},"14":{"start":{"line":60,"column":28},"end":{"line":60,"column":55}},"15":{"start":{"line":64,"column":19},"end":{"line":73,"column":1}},"16":{"start":{"line":69,"column":30},"end":{"line":69,"column":49}},"17":{"start":{"line":70,"column":17},"end":{"line":72,"column":1}}},"fnMap":{"0":{"name":"(anonymous_0)","decl":{"start":{"line":7,"column":24},"end":{"line":7,"column":25}},"loc":{"start":{"line":7,"column":39},"end":{"line":7,"column":66}},"line":7},"1":{"name":"(anonymous_1)","decl":{"start":{"line":22,"column":24},"end":{"line":22,"column":25}},"loc":{"start":{"line":22,"column":39},"end":{"line":22,"column":66}},"line":22},"2":{"name":"(anonymous_2)","decl":{"start":{"line":35,"column":13},"end":{"line":35,"column":14}},"loc":{"start":{"line":35,"column":28},"end":{"line":35,"column":55}},"line":35},"3":{"name":"(anonymous_3)","decl":{"start":{"line":42,"column":17},"end":{"line":42,"column":18}},"loc":{"start":{"line":42,"column":32},"end":{"line":42,"column":46}},"line":42},"4":{"name":"(anonymous_4)","decl":{"start":{"line":50,"column":24},"end":{"line":50,"column":25}},"loc":{"start":{"line":50,"column":39},"end":{"line":50,"column":66}},"line":50},"5":{"name":"(anonymous_5)","decl":{"start":{"line":60,"column":13},"end":{"line":60,"column":14}},"loc":{"start":{"line":60,"column":28},"end":{"line":60,"column":55}},"line":60},"6":{"name":"(anonymous_6)","decl":{"start":{"line":69,"column":15},"end":{"line":69,"column":16}},"loc":{"start":{"line":69,"column":30},"end":{"line":69,"column":49}},"line":69},"7":{"name":"(anonymous_7)","decl":{"start":{"line":70,"column":2},"end":{"line":70,"column":3}},"loc":{"start":{"line":70,"column":17},"end":{"line":72,"column":1}},"line":70}},"branchMap":{},"s":{"0":1,"1":7,"2":1,"3":1,"4":1,"5":7,"6":1,"7":1,"8":7,"9":1,"10":14,"11":1,"12":7,"13":1,"14":7,"15":1,"16":7,"17":7},"f":{"0":7,"1":7,"2":7,"3":14,"4":7,"5":7,"6":7,"7":7},"b":{},"_coverageSchema":"1a1c01bbd47fc00a2c39e90264f33305004495a9","hash":"2f2e8bc84731f8839ca14d83d57a024f346e5b48"}
,"/Users/alexandremarques/Development/MOBILE/React_Native/K2LavaFacil/src/services/authentication.service.ts": {"path":"/Users/alexandremarques/Development/MOBILE/React_Native/K2LavaFacil/src/services/authentication.service.ts","statementMap":{"0":{"start":{"line":3,"column":29},"end":{"line":6,"column":1}},"1":{"start":{"line":4,"column":17},"end":{"line":4,"column":26}},"2":{"start":{"line":5,"column":4},"end":{"line":5,"column":61}}},"fnMap":{"0":{"name":"(anonymous_0)","decl":{"start":{"line":3,"column":29},"end":{"line":3,"column":30}},"loc":{"start":{"line":3,"column":66},"end":{"line":6,"column":1}},"line":3}},"branchMap":{},"s":{"0":1,"1":0,"2":0},"f":{"0":0},"b":{},"_coverageSchema":"1a1c01bbd47fc00a2c39e90264f33305004495a9","hash":"f1fd7630c639351dedb4f898ced2df91945bff7e"}
,"/Users/alexandremarques/Development/MOBILE/React_Native/K2LavaFacil/src/storage/index.ts": {"path":"/Users/alexandremarques/Development/MOBILE/React_Native/K2LavaFacil/src/storage/index.ts","statementMap":{"0":{"start":{"line":4,"column":4},"end":{"line":8,"column":5}},"1":{"start":{"line":5,"column":8},"end":{"line":5,"column":61}},"2":{"start":{"line":7,"column":8},"end":{"line":7,"column":35}},"3":{"start":{"line":12,"column":4},"end":{"line":18,"column":5}},"4":{"start":{"line":13,"column":26},"end":{"line":13,"column":57}},"5":{"start":{"line":14,"column":8},"end":{"line":14,"column":64}},"6":{"start":{"line":16,"column":8},"end":{"line":16,"column":35}},"7":{"start":{"line":21,"column":20},"end":{"line":32,"column":1}},"8":{"start":{"line":22,"column":30},"end":{"line":22,"column":35}},"9":{"start":{"line":23,"column":4},"end":{"line":29,"column":5}},"10":{"start":{"line":24,"column":22},"end":{"line":24,"column":53}},"11":{"start":{"line":25,"column":8},"end":{"line":25,"column":43}},"12":{"start":{"line":28,"column":8},"end":{"line":28,"column":33}},"13":{"start":{"line":31,"column":4},"end":{"line":31,"column":22}},"14":{"start":{"line":34,"column":22},"end":{"line":36,"column":1}},"15":{"start":{"line":35,"column":4},"end":{"line":35,"column":39}},"16":{"start":{"line":38,"column":25},"end":{"line":40,"column":1}},"17":{"start":{"line":39,"column":4},"end":{"line":39,"column":31}}},"fnMap":{"0":{"name":"saveData","decl":{"start":{"line":3,"column":15},"end":{"line":3,"column":23}},"loc":{"start":{"line":3,"column":48},"end":{"line":9,"column":1}},"line":3},"1":{"name":"loadData","decl":{"start":{"line":11,"column":15},"end":{"line":11,"column":23}},"loc":{"start":{"line":11,"column":37},"end":{"line":19,"column":1}},"line":11},"2":{"name":"(anonymous_2)","decl":{"start":{"line":21,"column":20},"end":{"line":21,"column":21}},"loc":{"start":{"line":21,"column":61},"end":{"line":32,"column":1}},"line":21},"3":{"name":"(anonymous_3)","decl":{"start":{"line":34,"column":22},"end":{"line":34,"column":23}},"loc":{"start":{"line":34,"column":45},"end":{"line":36,"column":1}},"line":34},"4":{"name":"(anonymous_4)","decl":{"start":{"line":38,"column":25},"end":{"line":38,"column":26}},"loc":{"start":{"line":38,"column":37},"end":{"line":40,"column":1}},"line":38}},"branchMap":{"0":{"loc":{"start":{"line":14,"column":15},"end":{"line":14,"column":64}},"type":"cond-expr","locations":[{"start":{"line":14,"column":36},"end":{"line":14,"column":57}},{"start":{"line":14,"column":60},"end":{"line":14,"column":64}}],"line":14}},"s":{"0":0,"1":0,"2":0,"3":0,"4":0,"5":0,"6":0,"7":1,"8":0,"9":0,"10":0,"11":0,"12":0,"13":0,"14":1,"15":0,"16":1,"17":0},"f":{"0":0,"1":0,"2":0,"3":0,"4":0},"b":{"0":[0,0]},"_coverageSchema":"1a1c01bbd47fc00a2c39e90264f33305004495a9","hash":"f0a33f2bc225198c7b48fb784dde9896fd9d530c"}
,"/Users/alexandremarques/Development/MOBILE/React_Native/K2LavaFacil/src/styles/theme/default-theme.ts": {"path":"/Users/alexandremarques/Development/MOBILE/React_Native/K2LavaFacil/src/styles/theme/default-theme.ts","statementMap":{},"fnMap":{},"branchMap":{},"s":{},"f":{},"b":{},"_coverageSchema":"1a1c01bbd47fc00a2c39e90264f33305004495a9","hash":"0ec79aaac5486b3e676b7c58613f7125bb0be7af"}
}
