TN:
SF:src/assets/images/ic_100.png
FNF:0
FNH:0
DA:1,1
LF:1
LH:1
BRF:0
BRH:0
end_of_record
TN:
SF:src/components/Loading/index.tsx
FN:6,Loading
FNF:1
FNH:0
FNDA:0,Loading
DA:7,0
DA:8,0
LF:2
LH:0
BRF:0
BRH:0
end_of_record
TN:
SF:src/components/Loading/styles.ts
FNF:0
FNH:0
DA:3,1
LF:1
LH:1
BRF:0
BRH:0
end_of_record
TN:
SF:src/components/ThemeProvider/index.tsx
FN:9,ThemeProvider
FNF:1
FNH:1
FNDA:5,ThemeProvider
DA:10,5
LF:1
LH:1
BRF:0
BRH:0
end_of_record
TN:
SF:src/constants/index.ts
FNF:0
FNH:0
DA:1,1
DA:2,1
DA:4,1
DA:5,1
LF:4
LH:4
BRF:0
BRH:0
end_of_record
TN:
SF:src/contexts/authentication.context.tsx
FN:15,(anonymous_0)
FN:19,(anonymous_1)
FN:25,AuthenticationProvider
FN:30,onSignIn
FN:34,(anonymous_4)
FN:42,(anonymous_5)
FNF:6
FNH:1
FNDA:0,(anonymous_0)
FNDA:7,(anonymous_1)
FNDA:0,AuthenticationProvider
FNDA:0,onSignIn
FNDA:0,(anonymous_4)
FNDA:0,(anonymous_5)
DA:7,1
DA:18,1
DA:19,7
DA:26,0
DA:27,0
DA:28,0
DA:31,0
DA:33,0
DA:36,0
DA:37,0
DA:39,0
DA:40,0
DA:43,0
DA:44,0
DA:45,0
DA:46,0
DA:50,0
DA:55,0
LF:18
LH:3
BRF:0
BRH:0
end_of_record
TN:
SF:src/screens/SignIn/index.tsx
FN:21,SignIn
FN:28,handleSignIn
FNF:2
FNH:2
FNDA:7,SignIn
FNDA:2,handleSignIn
DA:22,7
DA:23,7
DA:24,7
DA:26,7
DA:29,2
DA:30,2
DA:31,2
DA:34,0
DA:35,0
DA:38,7
LF:10
LH:8
BRDA:29,0,0,2
BRDA:29,0,1,0
BRDA:29,1,0,2
BRDA:29,1,1,0
BRDA:62,2,0,7
BRDA:62,2,1,2
BRDA:68,3,0,7
BRDA:68,3,1,7
BRDA:68,3,2,5
BRDA:74,4,0,7
BRDA:74,4,1,0
BRF:11
BRH:8
end_of_record
TN:
SF:src/screens/SignIn/styles.ts
FN:7,(anonymous_0)
FN:22,(anonymous_1)
FN:35,(anonymous_2)
FN:42,(anonymous_3)
FN:50,(anonymous_4)
FN:60,(anonymous_5)
FN:69,(anonymous_6)
FN:70,(anonymous_7)
FNF:8
FNH:8
FNDA:7,(anonymous_0)
FNDA:7,(anonymous_1)
FNDA:7,(anonymous_2)
FNDA:14,(anonymous_3)
FNDA:7,(anonymous_4)
FNDA:7,(anonymous_5)
FNDA:7,(anonymous_6)
FNDA:7,(anonymous_7)
DA:4,1
DA:7,7
DA:10,1
DA:15,1
DA:21,1
DA:22,7
DA:29,1
DA:34,1
DA:35,7
DA:38,1
DA:42,14
DA:46,1
DA:50,7
DA:57,1
DA:60,7
DA:64,1
DA:69,7
DA:70,7
LF:18
LH:18
BRF:0
BRH:0
end_of_record
TN:
SF:src/services/authentication.service.ts
FN:3,(anonymous_0)
FNF:1
FNH:0
FNDA:0,(anonymous_0)
DA:3,1
DA:4,0
DA:5,0
LF:3
LH:1
BRF:0
BRH:0
end_of_record
TN:
SF:src/storage/index.ts
FN:3,saveData
FN:11,loadData
FN:21,(anonymous_2)
FN:34,(anonymous_3)
FN:38,(anonymous_4)
FNF:5
FNH:0
FNDA:0,saveData
FNDA:0,loadData
FNDA:0,(anonymous_2)
FNDA:0,(anonymous_3)
FNDA:0,(anonymous_4)
DA:4,0
DA:5,0
DA:7,0
DA:12,0
DA:13,0
DA:14,0
DA:16,0
DA:21,1
DA:22,0
DA:23,0
DA:24,0
DA:25,0
DA:28,0
DA:31,0
DA:34,1
DA:35,0
DA:38,1
DA:39,0
LF:18
LH:3
BRDA:14,0,0,0
BRDA:14,0,1,0
BRF:2
BRH:0
end_of_record
TN:
SF:src/styles/theme/default-theme.ts
FNF:0
FNH:0
LF:0
LH:0
BRF:0
BRH:0
end_of_record
